<?xml version="1.0" encoding="UTF-8"?>
<testsuite xmlns:xsi="http://www.w3.org/2001/XMLSchema-instance" xsi:noNamespaceSchemaLocation="https://maven.apache.org/surefire/maven-surefire-plugin/xsd/surefire-test-report-3.0.xsd" version="3.0" name="org.zeromq.util.ZDataTest" time="0.001" tests="6" errors="0" skipped="0" failures="0">
  <properties>
[...]
</properties>
  <testcase name="testPrint" classname="org.zeromq.util.ZDataTest" time="0.001"/>
  <testcase name="testStreq" classname="org.zeromq.util.ZDataTest" time="0"/>
  <testcase name="testToString" classname="org.zeromq.util.ZDataTest" time="0"/>
  <testcase name="testPrintNonPrintable" classname="org.zeromq.util.ZDataTest" time="0"/>
  <testcase name="testToStringNonPrintable" classname="org.zeromq.util.ZDataTest" time="0"/>
  <testcase name="testEquals" classname="org.zeromq.util.ZDataTest" time="0"/>
</testsuite>