<?xml version="1.0" encoding="UTF-8"?>
<testsuite xmlns:xsi="http://www.w3.org/2001/XMLSchema-instance" xsi:noNamespaceSchemaLocation="https://maven.apache.org/surefire/maven-surefire-plugin/xsd/surefire-test-report-3.0.xsd" version="3.0" name="org.zeromq.TestZMQ" time="0.135" tests="70" errors="0" skipped="0" failures="0">
  <properties>
[...]
</properties>
  <testcase name="testSocketAffinity" classname="org.zeromq.TestZMQ" time="0.001"/>
  <testcase name="testSocketGetRate" classname="org.zeromq.TestZMQ" time="0.001"/>
  <testcase name="testSocketGetSwap" classname="org.zeromq.TestZMQ" time="0.001"/>
  <testcase name="testSocketPlainUsername" classname="org.zeromq.TestZMQ" time="0.001"/>
  <testcase name="testSocketCurveAsServer" classname="org.zeromq.TestZMQ" time="0"/>
  <testcase name="testBindSameAddress" classname="org.zeromq.TestZMQ" time="0.002"/>
  <testcase name="testSocketHandshake" classname="org.zeromq.TestZMQ" time="0"/>
  <testcase name="testSocketMaxMsgSize" classname="org.zeromq.TestZMQ" time="0.001"/>
  <testcase name="testSocketRouterRaw" classname="org.zeromq.TestZMQ" time="0.001"/>
  <testcase name="testSocketZAPDomain" classname="org.zeromq.TestZMQ" time="0.001"/>
  <testcase name="testSocketXpubNoDrop" classname="org.zeromq.TestZMQ" time="0.001"/>
  <testcase name="testErrno" classname="org.zeromq.TestZMQ" time="0"/>
  <testcase name="testSocketTCPKeepAlive" classname="org.zeromq.TestZMQ" time="0.001"/>
  <testcase name="testSocketReqRelaxed" classname="org.zeromq.TestZMQ" time="0.001"/>
  <testcase name="testSocketIPv6" classname="org.zeromq.TestZMQ" time="0.001"/>
  <testcase name="testSocketRate" classname="org.zeromq.TestZMQ" time="0.001"/>
  <testcase name="testSocketSwap" classname="org.zeromq.TestZMQ" time="0.001"/>
  <testcase name="testSocketType" classname="org.zeromq.TestZMQ" time="0.001"/>
  <testcase name="testSocketTCPKeepAliveCount" classname="org.zeromq.TestZMQ" time="0"/>
  <testcase name="testSocketConnectRid" classname="org.zeromq.TestZMQ" time="0.001"/>
  <testcase name="testSocketImmediate" classname="org.zeromq.TestZMQ" time="0.001"/>
  <testcase name="testSocketReconnectIVL" classname="org.zeromq.TestZMQ" time="0.001"/>
  <testcase name="testSocketMsgAllocator" classname="org.zeromq.TestZMQ" time="0"/>
  <testcase name="testSocketPlainPassword" classname="org.zeromq.TestZMQ" time="0.001"/>
  <testcase name="testSocketgetRecoveryInterval" classname="org.zeromq.TestZMQ" time="0.001"/>
  <testcase name="testSocketPlainServer" classname="org.zeromq.TestZMQ" time="0.001"/>
  <testcase name="testSocketHeartbeatContext" classname="org.zeromq.TestZMQ" time="0.003"/>
  <testcase name="testSocketRouterMandatory" classname="org.zeromq.TestZMQ" time="0.002"/>
  <testcase name="testSocketHWM" classname="org.zeromq.TestZMQ" time="0.004"/>
  <testcase name="testSocketTos" classname="org.zeromq.TestZMQ" time="0.001"/>
  <testcase name="testSocketSendRecvArray" classname="org.zeromq.TestZMQ" time="0.006"/>
  <testcase name="testSocketSendBufferSize" classname="org.zeromq.TestZMQ" time="0.001"/>
  <testcase name="testSocketProbeRouter" classname="org.zeromq.TestZMQ" time="0.001"/>
  <testcase name="testSocketHasMulticastLoop" classname="org.zeromq.TestZMQ" time="0.001"/>
  <testcase name="testSocketReqCorrelate" classname="org.zeromq.TestZMQ" time="0.003"/>
  <testcase name="testSocketMulticastHops" classname="org.zeromq.TestZMQ" time="0.001"/>
  <testcase name="testSocketMulticastLoop" classname="org.zeromq.TestZMQ" time="0.001"/>
  <testcase name="testSocketReceiveTimeOut" classname="org.zeromq.TestZMQ" time="0.001"/>
  <testcase name="testSocketSendRecvPicture" classname="org.zeromq.TestZMQ" time="0.002"/>
  <testcase name="testSocketSocksProxy" classname="org.zeromq.TestZMQ" time="0.002"/>
  <testcase name="testSocketTCPKeepAliveIdle" classname="org.zeromq.TestZMQ" time="0"/>
  <testcase name="testSocketLinger" classname="org.zeromq.TestZMQ" time="0.001"/>
  <testcase name="testSocketGetReqCorrelate" classname="org.zeromq.TestZMQ" time="0.001"/>
  <testcase name="testSocketTCPKeepAliveInterval" classname="org.zeromq.TestZMQ" time="0.001"/>
  <testcase name="testSocketCurvePublic" classname="org.zeromq.TestZMQ" time="0.001"/>
  <testcase name="testSocketRcvHwm" classname="org.zeromq.TestZMQ" time="0.001"/>
  <testcase name="testSocketCurveSecret" classname="org.zeromq.TestZMQ" time="0"/>
  <testcase name="testSocketCurveServer" classname="org.zeromq.TestZMQ" time="0.001"/>
  <testcase name="testSocketSndHwm" classname="org.zeromq.TestZMQ" time="0.001"/>
  <testcase name="testSocketConflate" classname="org.zeromq.TestZMQ" time="0.001"/>
  <testcase name="testSocketUnbind" classname="org.zeromq.TestZMQ" time="0.053"/>
  <testcase name="testSocketDoubleClose" classname="org.zeromq.TestZMQ" time="0.001"/>
  <testcase name="testSocketReceiveBufferSize" classname="org.zeromq.TestZMQ" time="0.001"/>
  <testcase name="testSocketSendTimeOut" classname="org.zeromq.TestZMQ" time="0.001"/>
  <testcase name="testSubscribe" classname="org.zeromq.TestZMQ" time="0.001"/>
  <testcase name="testBindInprocSameAddress" classname="org.zeromq.TestZMQ" time="0"/>
  <testcase name="testSocketRecoveryInterval" classname="org.zeromq.TestZMQ" time="0.001"/>
  <testcase name="testContextBlocky" classname="org.zeromq.TestZMQ" time="0.001"/>
  <testcase name="testSocketXpubVerbose" classname="org.zeromq.TestZMQ" time="0.001"/>
  <testcase name="testSocketIdentity" classname="org.zeromq.TestZMQ" time="0.003"/>
  <testcase name="testSocketSendRecvBinaryPicture" classname="org.zeromq.TestZMQ" time="0.004"/>
  <testcase name="testSocketHeartbeatIvl" classname="org.zeromq.TestZMQ" time="0.001"/>
  <testcase name="testSocketHeartbeatTtl" classname="org.zeromq.TestZMQ" time="0.001"/>
  <testcase name="testSocketGetReqRelaxed" classname="org.zeromq.TestZMQ" time="0.001"/>
  <testcase name="testSocketReconnectIVLMax" classname="org.zeromq.TestZMQ" time="0"/>
  <testcase name="testSocketHeartbeatTimeout" classname="org.zeromq.TestZMQ" time="0.001"/>
  <testcase name="testSocketMsgAllocationThreshold" classname="org.zeromq.TestZMQ" time="0.001"/>
  <testcase name="testSocketGetMulticastHops" classname="org.zeromq.TestZMQ" time="0.001"/>
  <testcase name="testSocketBacklog" classname="org.zeromq.TestZMQ" time="0.001"/>
  <testcase name="testSocketRouterHandover" classname="org.zeromq.TestZMQ" time="0"/>
</testsuite>